<?xml version="1.0" encoding="UTF-8"?><testrun name="UserDAOTest.testAdd" project="day12_user" tests="1" started="1" failures="0" errors="1" ignored="0">
  <testcase name="initializationError" classname="org.junit.runner.manipulation.Filter" time="0.013">
    <error>java.lang.Exception: No tests found matching [{ExactMatcher:fDisplayName=testAdd], {ExactMatcher:fDisplayName=testAdd(com.iphone567.user.test.UserDAOTest)], {LeadingIdentifierMatcher:fClassName=com.iphone567.user.test.UserDAOTest,fLeadingIdentifier=testAdd]] from org.junit.internal.requests.ClassRequest@2d38eb89
	at org.junit.internal.requests.FilterRequest.getRunner(FilterRequest.java:40)
	at org.eclipse.jdt.internal.junit4.runner.JUnit4TestLoader.createFilteredTest(JUnit4TestLoader.java:77)
	at org.eclipse.jdt.internal.junit4.runner.JUnit4TestLoader.createTest(JUnit4TestLoader.java:68)
	at org.eclipse.jdt.internal.junit4.runner.JUnit4TestLoader.loadTests(JUnit4TestLoader.java:43)
	at org.eclipse.jdt.internal.junit.runner.RemoteTestRunner.runTests(RemoteTestRunner.java:444)
	at org.eclipse.jdt.internal.junit.runner.RemoteTestRunner.runTests(RemoteTestRunner.java:678)
	at org.eclipse.jdt.internal.junit.runner.RemoteTestRunner.run(RemoteTestRunner.java:382)
	at org.eclipse.jdt.internal.junit.runner.RemoteTestRunner.main(RemoteTestRunner.java:192)

</error>
  </testcase>
</testrun>
